{"total": {"lines":{"total":331,"covered":325,"skipped":0,"pct":98.18},"statements":{"total":331,"covered":325,"skipped":0,"pct":98.18},"functions":{"total":16,"covered":16,"skipped":0,"pct":100},"branches":{"total":102,"covered":82,"skipped":0,"pct":80.39},"branchesTrue":{"total":0,"covered":0,"skipped":0,"pct":100}}
,"/home/user/format-for/src/markdown/plugins/canonicalize.ts": {"lines":{"total":40,"covered":40,"skipped":0,"pct":100},"functions":{"total":2,"covered":2,"skipped":0,"pct":100},"statements":{"total":40,"covered":40,"skipped":0,"pct":100},"branches":{"total":11,"covered":9,"skipped":0,"pct":81.81}}
,"/home/user/format-for/src/markdown/renderers/github.ts": {"lines":{"total":13,"covered":13,"skipped":0,"pct":100},"functions":{"total":1,"covered":1,"skipped":0,"pct":100},"statements":{"total":13,"covered":13,"skipped":0,"pct":100},"branches":{"total":1,"covered":1,"skipped":0,"pct":100}}
,"/home/user/format-for/src/markdown/renderers/linear.ts": {"lines":{"total":82,"covered":79,"skipped":0,"pct":96.34},"functions":{"total":3,"covered":3,"skipped":0,"pct":100},"statements":{"total":82,"covered":79,"skipped":0,"pct":96.34},"branches":{"total":19,"covered":15,"skipped":0,"pct":78.94}}
,"/home/user/format-for/src/markdown/renderers/slack.ts": {"lines":{"total":159,"covered":156,"skipped":0,"pct":98.11},"functions":{"total":8,"covered":8,"skipped":0,"pct":100},"statements":{"total":159,"covered":156,"skipped":0,"pct":98.11},"branches":{"total":59,"covered":48,"skipped":0,"pct":81.35}}
,"/home/user/format-for/src/markdown/utils/slackEscape.ts": {"lines":{"total":7,"covered":7,"skipped":0,"pct":100},"functions":{"total":1,"covered":1,"skipped":0,"pct":100},"statements":{"total":7,"covered":7,"skipped":0,"pct":100},"branches":{"total":1,"covered":1,"skipped":0,"pct":100}}
,"/home/user/format-for/src/markdown/utils/transformOutsideCode.ts": {"lines":{"total":30,"covered":30,"skipped":0,"pct":100},"functions":{"total":1,"covered":1,"skipped":0,"pct":100},"statements":{"total":30,"covered":30,"skipped":0,"pct":100},"branches":{"total":11,"covered":8,"skipped":0,"pct":72.72}}
}
